<?xml version="1.0" encoding="UTF-8"?>
<testng-results ignored="0" total="6" passed="6" failed="0" skipped="0">
  <reporter-output>
  </reporter-output>
  <suite started-at="2024-05-22T11:41:38 PKT" name="Default Suite" finished-at="2024-05-22T11:44:15 PKT" duration-ms="157011">
    <groups>
    </groups>
    <test started-at="2024-05-22T11:41:38 PKT" name="automation" finished-at="2024-05-22T11:44:15 PKT" duration-ms="157011">
      <class name="org.example.testexecution">
        <test-method is-config="true" signature="browserlaunch()[pri:0, instance:org.example.testexecution@23529fee]" started-at="2024-05-22T11:41:38 PKT" name="browserlaunch" finished-at="2024-05-22T11:41:47 PKT" duration-ms="8566" status="PASS">
          <reporter-output>
          </reporter-output>
        </test-method> <!-- browserlaunch -->
        <test-method signature="login()[pri:1, instance:org.example.testexecution@23529fee]" started-at="2024-05-22T11:41:47 PKT" name="login" finished-at="2024-05-22T11:41:52 PKT" duration-ms="5415" status="PASS">
          <reporter-output>
          </reporter-output>
        </test-method> <!-- login -->
        <test-method signature="admin()[pri:2, instance:org.example.testexecution@23529fee]" started-at="2024-05-22T11:41:52 PKT" name="admin" finished-at="2024-05-22T11:42:24 PKT" duration-ms="32147" status="PASS">
          <reporter-output>
          </reporter-output>
        </test-method> <!-- admin -->
        <test-method signature="pim()[pri:3, instance:org.example.testexecution@23529fee]" started-at="2024-05-22T11:42:24 PKT" name="pim" finished-at="2024-05-22T11:43:10 PKT" duration-ms="46262" status="PASS">
          <reporter-output>
          </reporter-output>
        </test-method> <!-- pim -->
        <test-method signature="leave()[pri:4, instance:org.example.testexecution@23529fee]" started-at="2024-05-22T11:43:10 PKT" name="leave" finished-at="2024-05-22T11:43:35 PKT" duration-ms="24236" status="PASS">
          <reporter-output>
          </reporter-output>
        </test-method> <!-- leave -->
        <test-method signature="performance()[pri:5, instance:org.example.testexecution@23529fee]" started-at="2024-05-22T11:43:35 PKT" name="performance" finished-at="2024-05-22T11:44:02 PKT" duration-ms="27065" status="PASS">
          <reporter-output>
          </reporter-output>
        </test-method> <!-- performance -->
        <test-method signature="dashboard()[pri:6, instance:org.example.testexecution@23529fee]" started-at="2024-05-22T11:44:02 PKT" name="dashboard" finished-at="2024-05-22T11:44:15 PKT" duration-ms="13261" status="PASS">
          <reporter-output>
          </reporter-output>
        </test-method> <!-- dashboard -->
      </class> <!-- org.example.testexecution -->
    </test> <!-- automation -->
  </suite> <!-- Default Suite -->
</testng-results>
